
**** Build of configuration Debug for project bms-1227-fw ****

"C:\\ti\\ccs920\\ccs\\utils\\bin\\gmake" -k -j 8 all -O 
 
Building file: "../source/sys_main.c"
Invoking: ARM Compiler
"C:/ti/ccs920/ccs/tools/compiler/ti-cgt-arm_18.12.4.LTS/bin/armcl" -mv7R4 --code_state=32 --float_support=VFPv3D16 --include_path="C:/Users/Mahmoud Ahmed/bms-fw/BMS Workspace-git/bms-1227-fw" --include_path="C:/Users/Mahmoud Ahmed/bms-fw/BMS Workspace-git/bms-1227-fw/include" --include_path="C:/ti/ccs920/ccs/tools/compiler/ti-cgt-arm_18.12.4.LTS/include" -g --diag_warning=225 --diag_wrap=off --display_error_number --enum_type=packed --abi=eabi --preproc_with_compile --preproc_dependency="source/sys_main.d_raw" --obj_directory="source"  "../source/sys_main.c"
"../source/sys_main.c", line 137: warning #179-D: variable "i" was declared but never referenced
"../source/sys_main.c", line 138: warning #179-D: variable "j" was declared but never referenced
"../source/sys_main.c", line 140: warning #179-D: variable "buf" was declared but never referenced
"../source/sys_main.c", line 702: warning #179-D: variable "resistance" was declared but never referenced
"../source/sys_main.c", line 708: warning #179-D: variable "anaDieTemp" was declared but never referenced
"../source/sys_main.c", line 898: warning #179-D: variable "resistance" was declared but never referenced
"../source/sys_main.c", line 907: warning #177-D: subscript out of range
"../source/sys_main.c", line 907: warning #177-D: subscript out of range
"../source/sys_main.c", line 912: warning #177-D: subscript out of range
"../source/sys_main.c", line 912: warning #177-D: subscript out of range
"../source/sys_main.c", line 907: warning #179-D: variable "digDieTemp" was declared but never referenced
"../source/sys_main.c", line 912: warning #179-D: variable "anaDieTemp" was declared but never referenced
Finished building: "../source/sys_main.c"
 
Building target: "bms-1227-fw.out"
Invoking: ARM Linker
"C:/ti/ccs920/ccs/tools/compiler/ti-cgt-arm_18.12.4.LTS/bin/armcl" -mv7R4 --code_state=32 --float_support=VFPv3D16 -g --diag_warning=225 --diag_wrap=off --display_error_number --enum_type=packed --abi=eabi -z -m"bms-1227-fw.map" --heap_size=0x800 --stack_size=0x800 -i"C:/ti/ccs920/ccs/tools/compiler/ti-cgt-arm_18.12.4.LTS/lib" -i"C:/ti/ccs920/ccs/tools/compiler/ti-cgt-arm_18.12.4.LTS/include" --reread_libs --diag_wrap=off --display_error_number --warn_sections --xml_link_info="bms-1227-fw_linkInfo.xml" --rom_model --be32 -o "bms-1227-fw.out" "./source/Phantom_sci.obj" "./source/a_tp_sci.obj" "./source/can.obj" "./source/dabort.obj" "./source/errata_SSWF021_45.obj" "./source/esm.obj" "./source/gio.obj" "./source/notification.obj" "./source/phantom_can.obj" "./source/pinmux.obj" "./source/pl455.obj" "./source/rti.obj" "./source/sci.obj" "./source/sys_core.obj" "./source/sys_dma.obj" "./source/sys_intvecs.obj" "./source/sys_main.obj" "./source/sys_mpu.obj" "./source/sys_pcr.obj" "./source/sys_phantom.obj" "./source/sys_pmm.obj" "./source/sys_pmu.obj" "./source/sys_selftest.obj" "./source/sys_startup.obj" "./source/sys_vim.obj" "./source/system.obj" "./source/testinterface.obj" "../source/sys_link.cmd"  -lrtsv7R4_T_be_v3D16_eabi.lib 
<Linking>
Finished building target: "bms-1227-fw.out"
 

**** Build Finished ****
